
> frontend@0.0.0 dev
> vite


  VITE v8.0.8  ready in 651 ms

  ➜  Local:   http://localhost:5173/
  ➜  Network: use --host to expose
  ➜  press h + enter to show help
9:57:44 PM [vite] (client) hmr update /src/App.jsx
' event
      ^

Error: read EIO
    at TTY.onStreamRead (node:internal/stream_base_commons:218:20)
Emitted 'error' event on Interface instance at:
    at ReadStream.onerror (node:internal/readline/interface:239:10)
    at ReadStream.emit (node:events:524:28)
    at emitErrorNT (node:internal/streams/destroy:169:8)
    at emitErrorCloseNT (node:internal/streams/destroy:128:3)
    at process.processTicksAndRejections (node:internal/process/task_queues:82:21) {
  errno: -5,
  code: 'EIO',
  syscall: 'read'
}

Node.js v20.19.1
